Duplicated file found; will not be sent for synthesis: c:/Users/Administrator/lab2/lab2.srcs/sources_1/bd/system/ip/system_rst_processing_system7_0_50M_0/blk_mem_gen_v8_1/blk_mem_gen_v8_1_synth_comp.vhd
Duplicated file found; will not be sent for synthesis: c:/Users/Administrator/lab2/lab2.srcs/sources_1/bd/system/ip/system_rst_processing_system7_0_50M_0/blk_mem_gen_v8_1/blk_mem_gen_v8_1_defaults.vhd
Duplicated file found; will not be sent for synthesis: c:/Users/Administrator/lab2/lab2.srcs/sources_1/bd/system/ip/system_rst_processing_system7_0_50M_0/blk_mem_gen_v8_1/blk_mem_gen_v8_1_pkg.vhd
Duplicated file found; will not be sent for synthesis: c:/Users/Administrator/lab2/lab2.srcs/sources_1/bd/system/ip/system_rst_processing_system7_0_50M_0/blk_mem_gen_v8_1/blk_mem_gen_getinit_pkg.vhd
Duplicated file found; will not be sent for synthesis: c:/Users/Administrator/lab2/lab2.srcs/sources_1/bd/system/ip/system_rst_processing_system7_0_50M_0/blk_mem_gen_v8_1/blk_mem_min_area_pkg.vhd
Duplicated file found; will not be sent for synthesis: c:/Users/Administrator/lab2/lab2.srcs/sources_1/bd/system/ip/system_rst_processing_system7_0_50M_0/blk_mem_gen_v8_1/blk_mem_gen_bindec.vhd
Duplicated file found; will not be sent for synthesis: c:/Users/Administrator/lab2/lab2.srcs/sources_1/bd/system/ip/system_rst_processing_system7_0_50M_0/blk_mem_gen_v8_1/blk_mem_gen_mux.vhd
Duplicated file found; will not be sent for synthesis: c:/Users/Administrator/lab2/lab2.srcs/sources_1/bd/system/ip/system_rst_processing_system7_0_50M_0/blk_mem_gen_v8_1/blk_mem_gen_prim_wrapper.vhd
Duplicated file found; will not be sent for synthesis: c:/Users/Administrator/lab2/lab2.srcs/sources_1/bd/system/ip/system_rst_processing_system7_0_50M_0/blk_mem_gen_v8_1/blk_mem_gen_prim_wrapper_init.vhd
Duplicated file found; will not be sent for synthesis: c:/Users/Administrator/lab2/lab2.srcs/sources_1/bd/system/ip/system_rst_processing_system7_0_50M_0/blk_mem_gen_v8_1/blk_mem_gen_prim_width.vhd
Duplicated file found; will not be sent for synthesis: c:/Users/Administrator/lab2/lab2.srcs/sources_1/bd/system/ip/system_rst_processing_system7_0_50M_0/blk_mem_gen_v8_1/blk_mem_gen_generic_cstr.vhd
Duplicated file found; will not be sent for synthesis: c:/Users/Administrator/lab2/lab2.srcs/sources_1/bd/system/ip/system_rst_processing_system7_0_50M_0/blk_mem_gen_v8_1/blk_mem_gen_ecc_encoder.vhd
Duplicated file found; will not be sent for synthesis: c:/Users/Administrator/lab2/lab2.srcs/sources_1/bd/system/ip/system_rst_processing_system7_0_50M_0/blk_mem_gen_v8_1/blk_mem_gen_ecc_decoder.vhd
Duplicated file found; will not be sent for synthesis: c:/Users/Administrator/lab2/lab2.srcs/sources_1/bd/system/ip/system_rst_processing_system7_0_50M_0/blk_mem_gen_v8_1/blk_mem_input_block.vhd
Duplicated file found; will not be sent for synthesis: c:/Users/Administrator/lab2/lab2.srcs/sources_1/bd/system/ip/system_rst_processing_system7_0_50M_0/blk_mem_gen_v8_1/blk_mem_output_block.vhd
Duplicated file found; will not be sent for synthesis: c:/Users/Administrator/lab2/lab2.srcs/sources_1/bd/system/ip/system_rst_processing_system7_0_50M_0/blk_mem_gen_v8_1/blk_mem_axi_read_fsm.vhd
Duplicated file found; will not be sent for synthesis: c:/Users/Administrator/lab2/lab2.srcs/sources_1/bd/system/ip/system_rst_processing_system7_0_50M_0/blk_mem_gen_v8_1/blk_mem_axi_read_wrapper.vhd
Duplicated file found; will not be sent for synthesis: c:/Users/Administrator/lab2/lab2.srcs/sources_1/bd/system/ip/system_rst_processing_system7_0_50M_0/blk_mem_gen_v8_1/blk_mem_axi_write_fsm.vhd
Duplicated file found; will not be sent for synthesis: c:/Users/Administrator/lab2/lab2.srcs/sources_1/bd/system/ip/system_rst_processing_system7_0_50M_0/blk_mem_gen_v8_1/blk_mem_axi_write_wrapper.vhd
Duplicated file found; will not be sent for synthesis: c:/Users/Administrator/lab2/lab2.srcs/sources_1/bd/system/ip/system_rst_processing_system7_0_50M_0/blk_mem_gen_v8_1/blk_mem_axi_regs_fwd.vhd
Duplicated file found; will not be sent for synthesis: c:/Users/Administrator/lab2/lab2.srcs/sources_1/bd/system/ip/system_rst_processing_system7_0_50M_0/blk_mem_gen_v8_1/blk_mem_gen_top.vhd
Duplicated file found; will not be sent for synthesis: c:/Users/Administrator/lab2/lab2.srcs/sources_1/bd/system/ip/system_rst_processing_system7_0_50M_0/blk_mem_gen_v8_1/blk_mem_gen_v8_1_synth.vhd
Duplicated file found; will not be sent for synthesis: c:/Users/Administrator/lab2/lab2.srcs/sources_1/bd/system/ip/system_rst_processing_system7_0_50M_0/blk_mem_gen_v8_1/blk_mem_gen_v8_1.vhd
Duplicated file found; will not be sent for synthesis: c:/Users/Administrator/lab2/lab2.srcs/sources_1/bd/system/ip/system_rst_processing_system7_0_50M_0/fifo_generator_v11_0/fifo_generator_v11_0_pkg.vhd
Duplicated file found; will not be sent for synthesis: c:/Users/Administrator/lab2/lab2.srcs/sources_1/bd/system/ip/system_rst_processing_system7_0_50M_0/fifo_generator_v11_0/fifo_generator_v11_0_defaults.vhd
