Copyright 1986-1999, 2001-2013 Xilinx, Inc. All Rights Reserved.
-------------------------------------------------------------------------------------------
| Tool Version : Vivado v.2013.4 (win64) Build 353583 Mon Dec  9 17:49:19 MST 2013
| Date         : Mon Jun 29 12:01:08 2015
| Host         :  running 64-bit Service Pack 1  (build 7601)
| Command      : report_control_sets -verbose -file system_wrapper_control_sets_placed.rpt
| Design       : system_wrapper
| Device       : xc7z010
-------------------------------------------------------------------------------------------

Control Set Information

Table of Contents
-----------------
1. Summary
2. Flip-Flop Distribution
3. Detailed Control Set Information

1. Summary
----------

+-------------------------------------------------------------------+-------+
|                               Status                              | Count |
+-------------------------------------------------------------------+-------+
| Number of unique control sets                                     |    74 |
| Minimum Number of register sites lost to control set restrictions |   225 |
+-------------------------------------------------------------------+-------+


2. Flip-Flop Distribution
-------------------------

+--------------+-----------------------+------------------------+-----------------+--------------+
| Clock Enable | Synchronous Set/Reset | Asynchronous Set/Reset | Total Registers | Total Slices |
+--------------+-----------------------+------------------------+-----------------+--------------+
| No           | No                    | No                     |             215 |           91 |
| No           | No                    | Yes                    |               0 |            0 |
| No           | Yes                   | No                     |             219 |           69 |
| Yes          | No                    | No                     |             436 |          119 |
| Yes          | No                    | Yes                    |               0 |            0 |
| Yes          | Yes                   | No                     |             297 |           99 |
+--------------+-----------------------+------------------------+-----------------+--------------+


3. Detailed Control Set Information
-----------------------------------

+---------------------------------------------+-------------------------------------------------------------------------------------------------------------------------------------+-------------------------------------------------------------------------------------------------------------------------------------+------------------+----------------+
|                 Clock Signal                |                                                            Enable Signal                                                            |                                                           Set/Reset Signal                                                          | Slice Load Count | Bel Load Count |
+---------------------------------------------+-------------------------------------------------------------------------------------------------------------------------------------+-------------------------------------------------------------------------------------------------------------------------------------+------------------+----------------+
|  system_i/processing_system7_0/U0/FCLK_CLK0 | system_i/processing_system7_0_axi_periph/s00_couplers/auto_pc/inst/gen_axilite.gen_b2s_conv.axilite_b2s/WR.b_channel_0/bresp_push   |                                                                                                                                     |                1 |              2 |
|  system_i/processing_system7_0/U0/FCLK_CLK0 | system_i/axi_iic_0/U0/n_0_Addr_Counters[0].MUXCY_L_I_i_2                                                                            |                                                                                                                                     |                1 |              2 |
|  system_i/processing_system7_0/U0/FCLK_CLK0 | system_i/processing_system7_0_axi_periph/s00_couplers/auto_pc/n_0_axlen_cnt[3]_i_1__1                                               |                                                                                                                                     |                2 |              4 |
|  system_i/processing_system7_0/U0/FCLK_CLK0 | system_i/processing_system7_0_axi_periph/s00_couplers/auto_pc/n_0_axlen_cnt[3]_i_1__0                                               | system_i/processing_system7_0_axi_periph/s00_couplers/auto_pc/n_0_axlen_cnt[7]_i_1__0                                               |                1 |              4 |
|  system_i/processing_system7_0/U0/FCLK_CLK0 | system_i/processing_system7_0_axi_periph/s00_couplers/auto_pc/n_0_axlen_cnt[3]_i_1__0                                               |                                                                                                                                     |                2 |              4 |
|  system_i/processing_system7_0/U0/FCLK_CLK0 | system_i/processing_system7_0_axi_periph/s00_couplers/auto_pc/n_0_axlen_cnt[3]_i_1                                                  |                                                                                                                                     |                2 |              4 |
|  system_i/processing_system7_0/U0/FCLK_CLK0 |                                                                                                                                     | system_i/axi_iic_0/U0/X_IIC/X_AXI_IPIF_SSP1/AXI_LITE_IPIF_I/I_SLAVE_ATTACHMENT/p_2_out                                              |                1 |              4 |
|  system_i/processing_system7_0/U0/FCLK_CLK0 |                                                                                                                                     | system_i/lcd_11bit/U0/AXI_LITE_IPIF_I/I_SLAVE_ATTACHMENT/p_2_out                                                                    |                1 |              4 |
|  system_i/processing_system7_0/U0/FCLK_CLK0 | system_i/axi_iic_0/U0/n_0_q_int[0]_i_1__1                                                                                           | system_i/axi_iic_0/U0/X_IIC/IIC_CONTROL_I/detect_start1                                                                             |                1 |              4 |
|  system_i/processing_system7_0/U0/FCLK_CLK0 |                                                                                                                                     | system_i/led_2bit/U0/AXI_LITE_IPIF_I/I_SLAVE_ATTACHMENT/p_2_out                                                                     |                1 |              4 |
|  system_i/processing_system7_0/U0/FCLK_CLK0 | system_i/axi_iic_0/U0/n_0_X_IIC/WRITE_FIFO_CTRL_I/Data_Exists_DFF                                                                   | system_i/axi_iic_0/U0/X_IIC/Tx_fifo_rst                                                                                             |                1 |              4 |
|  system_i/processing_system7_0/U0/FCLK_CLK0 | system_i/axi_iic_0/U0/X_IIC/Rc_Data_Exists                                                                                          | system_i/axi_iic_0/U0/n_0_ip_irpt_enable_reg[7]_i_1                                                                                 |                1 |              4 |
|  system_i/processing_system7_0/U0/FCLK_CLK0 | system_i/axi_iic_0/U0/X_IIC/Tx_data_exists                                                                                          | system_i/axi_iic_0/U0/X_IIC/Tx_fifo_rst                                                                                             |                1 |              4 |
|  system_i/processing_system7_0/U0/FCLK_CLK0 | system_i/axi_iic_0/U0/n_0_RD_FIFO_CNTRL.rc_fifo_pirq_i[4]_i_1                                                                       | system_i/axi_iic_0/U0/n_0_ip_irpt_enable_reg[7]_i_1                                                                                 |                2 |              4 |
|  system_i/processing_system7_0/U0/FCLK_CLK0 | system_i/axi_iic_0/U0/n_0_cr_i[0]_i_1                                                                                               | system_i/axi_iic_0/U0/n_0_ip_irpt_enable_reg[7]_i_1                                                                                 |                2 |              5 |
|  system_i/processing_system7_0/U0/FCLK_CLK0 | system_i/rst_processing_system7_0_100M/U0/SEQ/seq_cnt_en                                                                            | system_i/rst_processing_system7_0_100M/U0/clear                                                                                     |                1 |              6 |
|  system_i/processing_system7_0/U0/FCLK_CLK0 |                                                                                                                                     | system_i/axi_iic_0/U0/X_IIC/Tx_fifo_rst                                                                                             |                3 |              6 |
|  system_i/processing_system7_0/U0/FCLK_CLK0 |                                                                                                                                     | system_i/axi_iic_0/U0/X_IIC/X_AXI_IPIF_SSP1/AXI_Bus2IP_Reset                                                                        |                2 |              6 |
|  system_i/processing_system7_0/U0/FCLK_CLK0 | system_i/axi_iic_0/U0/n_0_adr_i[0]_i_1                                                                                              | system_i/axi_iic_0/U0/n_0_ip_irpt_enable_reg[7]_i_1                                                                                 |                2 |              7 |
|  system_i/processing_system7_0/U0/FCLK_CLK0 | system_i/axi_iic_0/U0/n_0_FSM_onehot_state[6]_i_2                                                                                   | system_i/axi_iic_0/U0/n_0_FSM_onehot_state[6]_i_1                                                                                   |                3 |              7 |
|  system_i/processing_system7_0/U0/FCLK_CLK0 | system_i/axi_iic_0/U0/n_0_rdByteCntr[0]_i_1                                                                                         | system_i/axi_iic_0/U0/X_IIC/Tx_fifo_rst                                                                                             |                2 |              8 |
|  system_i/processing_system7_0/U0/FCLK_CLK0 | system_i/processing_system7_0_axi_periph/s00_couplers/auto_pc/n_0_axlen_cnt[7]_i_1                                                  |                                                                                                                                     |                3 |              8 |
|  system_i/processing_system7_0/U0/FCLK_CLK0 | system_i/axi_iic_0/U0/n_0_Addr_Counters[0].MUXCY_L_I_i_2__1                                                                         |                                                                                                                                     |                1 |              8 |
|  system_i/processing_system7_0/U0/FCLK_CLK0 |                                                                                                                                     | system_i/processing_system7_0_axi_periph/s00_couplers/auto_pc/n_0_areset_d1_i_1                                                     |                3 |              8 |
|  system_i/processing_system7_0/U0/FCLK_CLK0 | system_i/axi_iic_0/U0/n_0_Addr_Counters[0].MUXCY_L_I_i_2__0                                                                         |                                                                                                                                     |                1 |              8 |
|  system_i/processing_system7_0/U0/FCLK_CLK0 | system_i/axi_iic_0/U0/X_IIC/IIC_CONTROL_I/data_i2c_i0                                                                               | system_i/axi_iic_0/U0/X_IIC/IIC_CONTROL_I/detect_start1                                                                             |                2 |              8 |
|  system_i/processing_system7_0/U0/FCLK_CLK0 | system_i/axi_iic_0/U0/X_IIC/IIC_CONTROL_I/i2c_header_en                                                                             | system_i/axi_iic_0/U0/X_IIC/IIC_CONTROL_I/detect_start1                                                                             |                2 |              8 |
|  system_i/processing_system7_0/U0/FCLK_CLK0 | system_i/axi_iic_0/U0/n_0_data_int[7]_i_1                                                                                           | system_i/axi_iic_0/U0/X_IIC/IIC_CONTROL_I/detect_start1                                                                             |                1 |              8 |
|  system_i/processing_system7_0/U0/FCLK_CLK0 | system_i/processing_system7_0_axi_periph/s00_couplers/auto_pc/inst/gen_axilite.gen_b2s_conv.axilite_b2s/WR.b_channel_0/mhandshake_r | system_i/processing_system7_0_axi_periph/s00_couplers/auto_pc/inst/gen_axilite.gen_b2s_conv.axilite_b2s/WR.b_channel_0/s_bresp_acc0 |                2 |              8 |
|  system_i/processing_system7_0/U0/FCLK_CLK0 | system_i/axi_iic_0/U0/n_0_ip_irpt_enable_reg[7]_i_2                                                                                 | system_i/axi_iic_0/U0/n_0_ip_irpt_enable_reg[7]_i_1                                                                                 |                3 |              8 |
|  system_i/processing_system7_0/U0/FCLK_CLK0 | system_i/axi_iic_0/U0/n_0_FSM_onehot_scl_state[8]_i_2                                                                               | system_i/axi_iic_0/U0/X_IIC/IIC_CONTROL_I/detect_start1                                                                             |                6 |              9 |
|  system_i/processing_system7_0/U0/FCLK_CLK0 |                                                                                                                                     | system_i/processing_system7_0_axi_periph/xbar/inst/gen_sasd.crossbar_sasd_0/reset                                                   |                4 |              9 |
|  system_i/processing_system7_0/U0/FCLK_CLK0 | system_i/axi_iic_0/U0/n_0_timing_param_tsusta_i[9]_i_1                                                                              | system_i/axi_iic_0/U0/n_0_ip_irpt_enable_reg[7]_i_1                                                                                 |                2 |             10 |
|  system_i/processing_system7_0/U0/FCLK_CLK0 | system_i/axi_iic_0/U0/n_0_timing_param_tsusto_i[9]_i_1                                                                              | system_i/axi_iic_0/U0/n_0_ip_irpt_enable_reg[7]_i_1                                                                                 |                3 |             10 |
|  system_i/processing_system7_0/U0/FCLK_CLK0 | system_i/axi_iic_0/U0/n_0_timing_param_thdsta_i[9]_i_1                                                                              | system_i/axi_iic_0/U0/n_0_ip_irpt_enable_reg[7]_i_1                                                                                 |                5 |             10 |
|  system_i/processing_system7_0/U0/FCLK_CLK0 | system_i/axi_iic_0/U0/n_0_timing_param_tsudat_i[9]_i_1                                                                              | system_i/axi_iic_0/U0/n_0_ip_irpt_enable_reg[7]_i_1                                                                                 |                2 |             10 |
|  system_i/processing_system7_0/U0/FCLK_CLK0 | system_i/axi_iic_0/U0/n_0_timing_param_tbuf_i[9]_i_1                                                                                | system_i/axi_iic_0/U0/n_0_ip_irpt_enable_reg[7]_i_1                                                                                 |                6 |             10 |
|  system_i/processing_system7_0/U0/FCLK_CLK0 | system_i/axi_iic_0/U0/n_0_timing_param_thigh_i[9]_i_1                                                                               | system_i/axi_iic_0/U0/n_0_ip_irpt_enable_reg[7]_i_1                                                                                 |                2 |             10 |
|  system_i/processing_system7_0/U0/FCLK_CLK0 | system_i/axi_iic_0/U0/n_0_timing_param_tlow_i[9]_i_1                                                                                | system_i/axi_iic_0/U0/n_0_ip_irpt_enable_reg[7]_i_1                                                                                 |                4 |             10 |
|  system_i/processing_system7_0/U0/FCLK_CLK0 |                                                                                                                                     | system_i/led_2bit/U0/bus2ip_reset                                                                                                   |                3 |             10 |
|  system_i/processing_system7_0/U0/FCLK_CLK0 | system_i/axi_iic_0/U0/n_0_timing_param_thddat_i[9]_i_1                                                                              | system_i/axi_iic_0/U0/n_0_ip_irpt_enable_reg[7]_i_1                                                                                 |                3 |             10 |
|  system_i/processing_system7_0/U0/FCLK_CLK0 | system_i/axi_iic_0/U0/n_0_q_int[0]_i_1__0                                                                                           | system_i/axi_iic_0/U0/X_IIC/IIC_CONTROL_I/detect_start1                                                                             |                5 |             10 |
|  system_i/processing_system7_0/U0/FCLK_CLK0 | system_i/axi_iic_0/U0/n_0_q_int[0]_i_1                                                                                              | system_i/axi_iic_0/U0/X_IIC/IIC_CONTROL_I/detect_start1                                                                             |                2 |             10 |
|  system_i/processing_system7_0/U0/FCLK_CLK0 | system_i/lcd_11bit/U0/n_0_Not_Dual.gpio_OE[0]_i_1                                                                                   | system_i/lcd_11bit/U0/bus2ip_reset                                                                                                  |                2 |             11 |
|  system_i/processing_system7_0/U0/FCLK_CLK0 | system_i/lcd_11bit/U0/n_0_Not_Dual.gpio_Data_Out[0]_i_1                                                                             | system_i/lcd_11bit/U0/bus2ip_reset                                                                                                  |                4 |             11 |
|  system_i/processing_system7_0/U0/FCLK_CLK0 | system_i/lcd_11bit/U0/n_0_s_axi_rdata_i[10]_i_1                                                                                     | system_i/lcd_11bit/U0/bus2ip_reset                                                                                                  |                3 |             11 |
|  system_i/processing_system7_0/U0/FCLK_CLK0 | system_i/axi_iic_0/U0/n_0_s_axi_rdata_i[31]_i_1                                                                                     | system_i/axi_iic_0/U0/X_IIC/X_AXI_IPIF_SSP1/AXI_LITE_IPIF_I/I_SLAVE_ATTACHMENT/rst                                                  |                7 |             11 |
|  system_i/processing_system7_0/U0/FCLK_CLK0 |                                                                                                                                     | system_i/lcd_11bit/U0/gpio_core_1/Read_Reg_Rst                                                                                      |                4 |             11 |
|  system_i/processing_system7_0/U0/FCLK_CLK0 | system_i/processing_system7_0_axi_periph/s00_couplers/auto_pc/n_0_axaddr_incr[0]_i_1__0                                             |                                                                                                                                     |                3 |             12 |
|  system_i/processing_system7_0/U0/FCLK_CLK0 | system_i/processing_system7_0_axi_periph/s00_couplers/auto_pc/n_0_axaddr_incr[0]_i_1                                                |                                                                                                                                     |                3 |             12 |
|  system_i/processing_system7_0/U0/FCLK_CLK0 | system_i/processing_system7_0_axi_periph/s00_couplers/auto_pc/n_0_wrap_boundary_axaddr_r[11]_i_1                                    |                                                                                                                                     |                5 |             12 |
|  system_i/processing_system7_0/U0/FCLK_CLK0 | system_i/processing_system7_0_axi_periph/s00_couplers/auto_pc/n_0_wrap_boundary_axaddr_r[11]_i_1__0                                 |                                                                                                                                     |                5 |             12 |
|  system_i/processing_system7_0/U0/FCLK_CLK0 | system_i/processing_system7_0_axi_periph/s00_couplers/auto_pc/n_0_axaddr_wrap[11]_i_1__0                                            |                                                                                                                                     |                3 |             12 |
|  system_i/processing_system7_0/U0/FCLK_CLK0 | system_i/processing_system7_0_axi_periph/s00_couplers/auto_pc/n_0_axaddr_wrap[11]_i_1                                               |                                                                                                                                     |                6 |             12 |
|  system_i/processing_system7_0/U0/FCLK_CLK0 | system_i/processing_system7_0_axi_periph/s00_couplers/auto_pc/inst/gen_axilite.gen_b2s_conv.axilite_b2s/RD.r_channel_0/r_push_r     |                                                                                                                                     |                4 |             13 |
|  system_i/processing_system7_0/U0/FCLK_CLK0 | system_i/processing_system7_0_axi_periph/s00_couplers/auto_pc/inst/gen_axilite.gen_b2s_conv.axilite_b2s/si_rs_bready                |                                                                                                                                     |                4 |             14 |
|  system_i/processing_system7_0/U0/FCLK_CLK0 | system_i/processing_system7_0_axi_periph/s00_couplers/auto_pc/inst/gen_axilite.gen_b2s_conv.axilite_b2s/SI_REG/b_pipe/p_1_in        |                                                                                                                                     |                3 |             14 |
|  system_i/processing_system7_0/U0/FCLK_CLK0 | system_i/processing_system7_0_axi_periph/xbar/inst/gen_sasd.crossbar_sasd_0/aa_rready                                               |                                                                                                                                     |                6 |             15 |
|  system_i/processing_system7_0/U0/FCLK_CLK0 | system_i/processing_system7_0_axi_periph/xbar/inst/gen_sasd.crossbar_sasd_0/reg_slice_r/p_1_in                                      |                                                                                                                                     |                6 |             15 |
|  system_i/processing_system7_0/U0/FCLK_CLK0 |                                                                                                                                     | system_i/lcd_11bit/U0/bus2ip_reset                                                                                                  |                6 |             17 |
|  system_i/processing_system7_0/U0/FCLK_CLK0 | system_i/processing_system7_0_axi_periph/s00_couplers/auto_pc/inst/gen_axilite.gen_b2s_conv.axilite_b2s/b_push                      |                                                                                                                                     |                3 |             20 |
|  system_i/processing_system7_0/U0/FCLK_CLK0 | system_i/axi_iic_0/U0/X_IIC/X_AXI_IPIF_SSP1/AXI_LITE_IPIF_I/I_SLAVE_ATTACHMENT/start                                                | system_i/axi_iic_0/U0/n_0_GEN_BKEND_CE_REGISTERS[34].ce_out_i[34]_i_1                                                               |                7 |             22 |
|  system_i/processing_system7_0/U0/FCLK_CLK0 | system_i/processing_system7_0_axi_periph/xbar/inst/gen_sasd.crossbar_sasd_0/addr_arbiter_inst/p_0_in1_in                            | system_i/processing_system7_0_axi_periph/xbar/inst/gen_sasd.crossbar_sasd_0/reset                                                   |                9 |             25 |
|  system_i/processing_system7_0/U0/FCLK_CLK0 |                                                                                                                                     | system_i/axi_iic_0/U0/X_IIC/IIC_CONTROL_I/detect_start1                                                                             |                8 |             28 |
|  system_i/processing_system7_0/U0/FCLK_CLK0 | system_i/processing_system7_0_axi_periph/s00_couplers/auto_pc/inst/gen_axilite.gen_b2s_conv.axilite_b2s/RD.r_channel_0/wr_en0       |                                                                                                                                     |                9 |             34 |
|  system_i/processing_system7_0/U0/FCLK_CLK0 |                                                                                                                                     | system_i/axi_iic_0/U0/n_0_ip_irpt_enable_reg[7]_i_1                                                                                 |               15 |             41 |
|  system_i/processing_system7_0/U0/FCLK_CLK0 | system_i/processing_system7_0_axi_periph/s00_couplers/auto_pc/inst/gen_axilite.gen_b2s_conv.axilite_b2s/si_rs_rready                |                                                                                                                                     |               10 |             47 |
|  system_i/processing_system7_0/U0/FCLK_CLK0 | system_i/processing_system7_0_axi_periph/s00_couplers/auto_pc/inst/gen_axilite.gen_b2s_conv.axilite_b2s/SI_REG/r_pipe/p_1_in        |                                                                                                                                     |               10 |             47 |
|  system_i/processing_system7_0/U0/FCLK_CLK0 | system_i/processing_system7_0_axi_periph/s00_couplers/auto_pc/s_axi_awready                                                         |                                                                                                                                     |               10 |             48 |
|  system_i/processing_system7_0/U0/FCLK_CLK0 | system_i/processing_system7_0_axi_periph/s00_couplers/auto_pc/s_axi_arready                                                         |                                                                                                                                     |               13 |             48 |
|  system_i/processing_system7_0/U0/FCLK_CLK0 | system_i/processing_system7_0_axi_periph/s00_couplers/auto_pc/inst/gen_axilite.gen_b2s_conv.axilite_b2s/SI_REG/aw_pipe/p_1_in       |                                                                                                                                     |                9 |             48 |
|  system_i/processing_system7_0/U0/FCLK_CLK0 | system_i/processing_system7_0_axi_periph/s00_couplers/auto_pc/inst/gen_axilite.gen_b2s_conv.axilite_b2s/SI_REG/ar_pipe/p_1_in       |                                                                                                                                     |               14 |             48 |
|  system_i/processing_system7_0/U0/FCLK_CLK0 |                                                                                                                                     | system_i/processing_system7_0_axi_periph/s00_couplers/auto_pc/inst/gen_axilite.gen_b2s_conv.axilite_b2s/areset_d1                   |               18 |             71 |
|  system_i/processing_system7_0/U0/FCLK_CLK0 |                                                                                                                                     |                                                                                                                                     |               92 |            216 |
+---------------------------------------------+-------------------------------------------------------------------------------------------------------------------------------------+-------------------------------------------------------------------------------------------------------------------------------------+------------------+----------------+


