
*** Running vivado
    with args -log system_wrapper.rdi -applog -m32 -messageDb vivado.pb -mode batch -source system_wrapper.tcl -notrace


****** Vivado v2013.4
  **** SW Build 353583 on Mon Dec  9 17:38:55 MST 2013
  **** IP Build 208076 on Mon Dec  2 12:38:17 MST 2013
    ** Copyright 1986-1999, 2001-2013 Xilinx, Inc. All Rights Reserved.

Attempting to get a license: Implementation
WARNING: [Common 17-301] Failed to get a license: Implementation
WARNING: [Vivado 15-19] WARNING: No 'Implementation' license found. This message may be safely ignored if a Vivado WebPACK or device-locked license, common for board kits, will be used during implementation.

Attempting to get a license: Synthesis
WARNING: [Common 17-301] Failed to get a license: Synthesis
Loading parts and site information from C:/Xilinx/Vivado/2013.4/data/parts/arch.xml
Parsing RTL primitives file [C:/Xilinx/Vivado/2013.4/data/parts/xilinx/rtl/prims/rtl_prims.xml]
Finished parsing RTL primitives file [C:/Xilinx/Vivado/2013.4/data/parts/xilinx/rtl/prims/rtl_prims.xml]
source system_wrapper.tcl -notrace
INFO: [Project 1-11] Changing the constrs_type of fileset 'constrs_1' to 'XDC'.
Design is defaulting to srcset: sources_1
Design is defaulting to constrset: constrs_1
INFO: [Netlist 29-17] Analyzing 10 Unisim elements for replacement
INFO: [Netlist 29-28] Unisim Transformation completed in 0 CPU seconds
INFO: [Project 1-479] Netlist was created with Vivado 2013.4
Loading clock regions from C:/Xilinx/Vivado/2013.4/data\parts/xilinx/zynq/zynq/xc7z010/ClockRegion.xml
Loading clock buffers from C:/Xilinx/Vivado/2013.4/data\parts/xilinx/zynq/zynq/xc7z010/ClockBuffers.xml
Loading clock placement rules from C:/Xilinx/Vivado/2013.4/data/parts/xilinx/zynq/ClockPlacerRules.xml
Loading package pin functions from C:/Xilinx/Vivado/2013.4/data\parts/xilinx/zynq/PinFunctions.xml...
Loading package from C:/Xilinx/Vivado/2013.4/data\parts/xilinx/zynq/zynq/xc7z010/clg400/Package.xml
Loading io standards from C:/Xilinx/Vivado/2013.4/data\./parts/xilinx/zynq/IOStandards.xml
INFO: [Opt 31-140] Inserted 0 IBUFs to IO ports without IO buffers.
INFO: [Opt 31-141] Inserted 0 OBUFs to IO ports without IO buffers.
Parsing XDC File [c:/Users/Administrator/lab4/lab4.srcs/sources_1/bd/system/ip/system_processing_system7_0_0/system_processing_system7_0_0.xdc] for cell 'system_i/processing_system7_0/U0'
Finished Parsing XDC File [c:/Users/Administrator/lab4/lab4.srcs/sources_1/bd/system/ip/system_processing_system7_0_0/system_processing_system7_0_0.xdc] for cell 'system_i/processing_system7_0/U0'
Parsing XDC File [c:/Users/Administrator/lab4/lab4.srcs/sources_1/bd/system/ip/system_axi_gpio_0_0/system_axi_gpio_0_0.xdc] for cell 'system_i/sw_4bit/U0'
Finished Parsing XDC File [c:/Users/Administrator/lab4/lab4.srcs/sources_1/bd/system/ip/system_axi_gpio_0_0/system_axi_gpio_0_0.xdc] for cell 'system_i/sw_4bit/U0'
Parsing XDC File [c:/Users/Administrator/lab4/lab4.srcs/sources_1/bd/system/ip/system_axi_gpio_0_0/system_axi_gpio_0_0_board.xdc] for cell 'system_i/sw_4bit/U0'
Finished Parsing XDC File [c:/Users/Administrator/lab4/lab4.srcs/sources_1/bd/system/ip/system_axi_gpio_0_0/system_axi_gpio_0_0_board.xdc] for cell 'system_i/sw_4bit/U0'
Parsing XDC File [c:/Users/Administrator/lab4/lab4.srcs/sources_1/bd/system/ip/system_rst_processing_system7_0_50M_0/system_rst_processing_system7_0_50M_0.xdc] for cell 'system_i/rst_processing_system7_0_50M/U0'
Finished Parsing XDC File [c:/Users/Administrator/lab4/lab4.srcs/sources_1/bd/system/ip/system_rst_processing_system7_0_50M_0/system_rst_processing_system7_0_50M_0.xdc] for cell 'system_i/rst_processing_system7_0_50M/U0'
Parsing XDC File [c:/Users/Administrator/lab4/lab4.srcs/sources_1/bd/system/ip/system_rst_processing_system7_0_50M_0/system_rst_processing_system7_0_50M_0_board.xdc] for cell 'system_i/rst_processing_system7_0_50M/U0'
Finished Parsing XDC File [c:/Users/Administrator/lab4/lab4.srcs/sources_1/bd/system/ip/system_rst_processing_system7_0_50M_0/system_rst_processing_system7_0_50M_0_board.xdc] for cell 'system_i/rst_processing_system7_0_50M/U0'
Parsing XDC File [c:/Users/Administrator/lab4/lab4.srcs/sources_1/bd/system/ip/system_axi_gpio_0_1/system_axi_gpio_0_1.xdc] for cell 'system_i/btns_4bit/U0'
Finished Parsing XDC File [c:/Users/Administrator/lab4/lab4.srcs/sources_1/bd/system/ip/system_axi_gpio_0_1/system_axi_gpio_0_1.xdc] for cell 'system_i/btns_4bit/U0'
Parsing XDC File [c:/Users/Administrator/lab4/lab4.srcs/sources_1/bd/system/ip/system_axi_gpio_0_1/system_axi_gpio_0_1_board.xdc] for cell 'system_i/btns_4bit/U0'
Finished Parsing XDC File [c:/Users/Administrator/lab4/lab4.srcs/sources_1/bd/system/ip/system_axi_gpio_0_1/system_axi_gpio_0_1_board.xdc] for cell 'system_i/btns_4bit/U0'
Parsing XDC File [C:/Users/Administrator/lab4/lab4.srcs/constrs_1/imports/lab2/lab2.xdc]
Finished Parsing XDC File [C:/Users/Administrator/lab4/lab4.srcs/constrs_1/imports/lab2/lab2.xdc]
Parsing XDC File [C:/Users/Administrator/lab4/lab4.srcs/constrs_1/imports/lab3/lab3_system.xdc]
Finished Parsing XDC File [C:/Users/Administrator/lab4/lab4.srcs/constrs_1/imports/lab3/lab3_system.xdc]
Parsing XDC File [C:/Users/Administrator/lab4/lab4.runs/impl_1/.Xil/Vivado-8056-/dcp/system_wrapper.xdc]
Finished Parsing XDC File [C:/Users/Administrator/lab4/lab4.runs/impl_1/.Xil/Vivado-8056-/dcp/system_wrapper.xdc]
INFO: [Opt 31-138] Pushed 0 inverter(s).
INFO: [Memdata 28-144] Successfully populated the BRAM INIT strings from the following elf files: 

INFO: [Project 1-111] Unisim Transformation Summary:
No Unisim elements were transformed.

link_design: Time (s): cpu = 00:00:25 ; elapsed = 00:00:26 . Memory (MB): peak = 698.820 ; gain = 396.473
Command: opt_design
Attempting to get a license for feature 'Implementation' and/or device 'xc7z010'
INFO: [Common 17-349] Got license for feature 'Implementation' and/or device 'xc7z010'
Running DRC as a precondition to command opt_design

Starting DRC Task
INFO: [Drc 23-27] Running DRC with 2 threads
INFO: [Project 1-461] DRC finished with 0 Errors
INFO: [Project 1-462] Please refer to the DRC report (report_drc) for more information.

Time (s): cpu = 00:00:00 ; elapsed = 00:00:00.193 . Memory (MB): peak = 701.266 ; gain = 2.402

Starting Logic Optimization Task
INFO: [Timing 38-35] Done setting XDC timing constraints.

Phase 1 Retarget

INFO: [Opt 31-138] Pushed 0 inverter(s).
INFO: [Opt 31-49] Retargeted 0 cell(s).
Phase 1 Retarget | Checksum: 27237014d

Time (s): cpu = 00:00:00 ; elapsed = 00:00:00.515 . Memory (MB): peak = 707.855 ; gain = 6.590

Phase 2 Constant Propagation
INFO: [Opt 31-138] Pushed 0 inverter(s).
INFO: [Opt 31-10] Eliminated 205 cells.
Phase 2 Constant Propagation | Checksum: 2b509535d

Time (s): cpu = 00:00:01 ; elapsed = 00:00:01 . Memory (MB): peak = 707.855 ; gain = 6.590

Phase 3 Sweep
INFO: [Opt 31-12] Eliminated 862 unconnected nets.
INFO: [Opt 31-11] Eliminated 843 unconnected cells.
Phase 3 Sweep | Checksum: 2a317be7a

Time (s): cpu = 00:00:02 ; elapsed = 00:00:02 . Memory (MB): peak = 707.855 ; gain = 6.590
Ending Logic Optimization Task | Checksum: 2a317be7a

Time (s): cpu = 00:00:00 ; elapsed = 00:00:02 . Memory (MB): peak = 707.855 ; gain = 6.590
Implement Debug Cores | Checksum: 281ce730a
Logic Optimization | Checksum: 281ce730a

Starting Power Optimization Task

Starting PowerOpt TimerUpdates Task
INFO: [Timing 38-35] Done setting XDC timing constraints.
Ending PowerOpt TimerUpdates Task | Checksum: 2a317be7a

Time (s): cpu = 00:00:00 ; elapsed = 00:00:00.350 . Memory (MB): peak = 708.820 ; gain = 0.965
INFO: [Pwropt 34-9] Applying IDT optimizations ...
INFO: [Pwropt 34-10] Applying ODC optimizations ...

INFO: [Pwropt 34-162] WRITE_MODE attribute of 0 BRAM(s) out of a total of 2 was updated to NO_CHANGE to save power.
    Run report_power_opt to get a complete listing of the BRAMs updated.
INFO: [Pwropt 34-201] Structural ODC has moved 0 WE to EN ports
Number of BRAM Ports augmented: 0 newly gated: 0 Total Ports: 4
Ending Power Optimization Task | Checksum: 2a317be7a

Time (s): cpu = 00:00:00 ; elapsed = 00:00:02 . Memory (MB): peak = 733.750 ; gain = 25.895
INFO: [Common 17-83] Releasing license: Implementation
26 Infos, 0 Warnings, 0 Critical Warnings and 0 Errors encountered.
opt_design completed successfully
INFO: [Timing 38-35] Done setting XDC timing constraints.
Writing XDEF routing.
Writing XDEF routing logical nets.
Writing XDEF routing special nets.
Write XDEF Complete: Time (s): cpu = 00:00:00 ; elapsed = 00:00:00.185 . Memory (MB): peak = 733.750 ; gain = 0.000
Command: place_design
Attempting to get a license for feature 'Implementation' and/or device 'xc7z010'
INFO: [Common 17-349] Got license for feature 'Implementation' and/or device 'xc7z010'
Running DRC as a precondition to command place_design
INFO: [Drc 23-27] Running DRC with 2 threads
INFO: [Vivado_Tcl 4-198] DRC finished with 0 Errors
INFO: [Vivado_Tcl 4-199] Please refer to the DRC report (report_drc) for more information.

Starting Placer Task
INFO: [Place 30-611] Multithreading enabled for place_design using a maximum of 2 CPUs

Phase 1 Placer Initialization

Phase 1.1 Placer Initialization Core
Netlist sorting complete. Time (s): cpu = 00:00:00 ; elapsed = 00:00:00.009 . Memory (MB): peak = 733.750 ; gain = 0.000

Phase 1.1.1 Mandatory Logic Optimization
INFO: [Opt 31-140] Inserted 0 IBUFs to IO ports without IO buffers.
INFO: [Opt 31-141] Inserted 0 OBUFs to IO ports without IO buffers.
INFO: [Opt 31-138] Pushed 0 inverter(s).
Netlist sorting complete. Time (s): cpu = 00:00:00 ; elapsed = 00:00:00.010 . Memory (MB): peak = 733.750 ; gain = 0.000
Phase 1.1.1 Mandatory Logic Optimization | Checksum: 12ad3a891

Time (s): cpu = 00:00:00 ; elapsed = 00:00:00.248 . Memory (MB): peak = 733.750 ; gain = 0.000

Phase 1.1.2 Build Super Logic Region (SLR) Database
Phase 1.1.2 Build Super Logic Region (SLR) Database | Checksum: 12ad3a891

Time (s): cpu = 00:00:00 ; elapsed = 00:00:00.258 . Memory (MB): peak = 733.750 ; gain = 0.000

Phase 1.1.3 Add Constraints
Phase 1.1.3 Add Constraints | Checksum: 12ad3a891

Time (s): cpu = 00:00:00 ; elapsed = 00:00:00.259 . Memory (MB): peak = 733.750 ; gain = 0.000

Phase 1.1.4 Build Macros
Phase 1.1.4 Build Macros | Checksum: 1afee69b6

Time (s): cpu = 00:00:00 ; elapsed = 00:00:00.754 . Memory (MB): peak = 733.750 ; gain = 0.000

Phase 1.1.5 Implementation Feasibility check
WARNING: [Place 30-12] An IO Bus FIXED_IO_mio with more than one IO standard is found. Components associated with this bus are: 
	FIXED_IO_mio[0] of IOStandard LVCMOS18
	FIXED_IO_mio[1] of IOStandard LVCMOS18
	FIXED_IO_mio[2] of IOStandard LVCMOS18
	FIXED_IO_mio[3] of IOStandard LVCMOS18
	FIXED_IO_mio[4] of IOStandard LVCMOS18
	FIXED_IO_mio[5] of IOStandard LVCMOS18
	FIXED_IO_mio[6] of IOStandard LVCMOS18
	FIXED_IO_mio[7] of IOStandard LVCMOS18
	FIXED_IO_mio[8] of IOStandard LVCMOS18
	FIXED_IO_mio[9] of IOStandard LVCMOS18
	FIXED_IO_mio[10] of IOStandard LVCMOS18
	FIXED_IO_mio[11] of IOStandard LVCMOS18
	FIXED_IO_mio[12] of IOStandard LVCMOS18
	FIXED_IO_mio[13] of IOStandard LVCMOS18
	FIXED_IO_mio[14] of IOStandard LVCMOS18
	FIXED_IO_mio[15] of IOStandard LVCMOS18
	FIXED_IO_mio[16] of IOStandard LVCMOS18
	FIXED_IO_mio[17] of IOStandard LVCMOS18
	FIXED_IO_mio[18] of IOStandard LVCMOS18
	FIXED_IO_mio[19] of IOStandard LVCMOS18
	FIXED_IO_mio[20] of IOStandard LVCMOS18
	FIXED_IO_mio[21] of IOStandard LVCMOS18
	FIXED_IO_mio[22] of IOStandard LVCMOS18
	FIXED_IO_mio[23] of IOStandard LVCMOS18
	FIXED_IO_mio[24] of IOStandard LVCMOS18
	FIXED_IO_mio[25] of IOStandard LVCMOS18
	FIXED_IO_mio[26] of IOStandard LVCMOS18
	FIXED_IO_mio[27] of IOStandard LVCMOS18
	FIXED_IO_mio[28] of IOStandard LVCMOS18
	FIXED_IO_mio[29] of IOStandard LVCMOS18
	FIXED_IO_mio[30] of IOStandard LVCMOS18
	FIXED_IO_mio[31] of IOStandard LVCMOS18
	FIXED_IO_mio[32] of IOStandard LVCMOS18
	FIXED_IO_mio[33] of IOStandard LVCMOS18
	FIXED_IO_mio[34] of IOStandard LVCMOS18
	FIXED_IO_mio[35] of IOStandard LVCMOS18
	FIXED_IO_mio[36] of IOStandard LVCMOS18
	FIXED_IO_mio[37] of IOStandard LVCMOS18
	FIXED_IO_mio[38] of IOStandard LVCMOS18
	FIXED_IO_mio[39] of IOStandard LVCMOS18
	FIXED_IO_mio[40] of IOStandard LVCMOS18
	FIXED_IO_mio[41] of IOStandard LVCMOS18
	FIXED_IO_mio[42] of IOStandard LVCMOS18
	FIXED_IO_mio[43] of IOStandard LVCMOS18
	FIXED_IO_mio[44] of IOStandard LVCMOS18
	FIXED_IO_mio[45] of IOStandard LVCMOS18
	FIXED_IO_mio[46] of IOStandard LVCMOS18
	FIXED_IO_mio[47] of IOStandard LVCMOS18
	FIXED_IO_mio[48] of IOStandard LVCMOS33
	FIXED_IO_mio[49] of IOStandard LVCMOS33
	FIXED_IO_mio[50] of IOStandard LVCMOS18
	FIXED_IO_mio[51] of IOStandard LVCMOS18
	FIXED_IO_mio[52] of IOStandard LVCMOS18
	FIXED_IO_mio[53] of IOStandard LVCMOS18
Phase 1.1.5 Implementation Feasibility check | Checksum: 1afee69b6

Time (s): cpu = 00:00:01 ; elapsed = 00:00:01 . Memory (MB): peak = 733.750 ; gain = 0.000

Phase 1.1.6 Pre-Place Cells
Phase 1.1.6 Pre-Place Cells | Checksum: 1afee69b6

Time (s): cpu = 00:00:01 ; elapsed = 00:00:01 . Memory (MB): peak = 733.750 ; gain = 0.000

Phase 1.1.7 IO Placement/ Clock Placement/ Build Placer Device
Phase 1.1.7 IO Placement/ Clock Placement/ Build Placer Device | Checksum: 196418662

Time (s): cpu = 00:00:02 ; elapsed = 00:00:03 . Memory (MB): peak = 733.750 ; gain = 0.000

Phase 1.1.8 Build Placer Netlist Model

Phase 1.1.8.1 Place Init Design

Phase 1.1.8.1.1 Build Clock Data
Phase 1.1.8.1.1 Build Clock Data | Checksum: 1bc439f8f

Time (s): cpu = 00:00:04 ; elapsed = 00:00:05 . Memory (MB): peak = 733.750 ; gain = 0.000
Phase 1.1.8.1 Place Init Design | Checksum: 26e6fc234

Time (s): cpu = 00:00:05 ; elapsed = 00:00:05 . Memory (MB): peak = 733.750 ; gain = 0.000
Phase 1.1.8 Build Placer Netlist Model | Checksum: 26e6fc234

Time (s): cpu = 00:00:05 ; elapsed = 00:00:05 . Memory (MB): peak = 733.750 ; gain = 0.000

Phase 1.1.9 Constrain Clocks/Macros

Phase 1.1.9.1 Constrain Global/Regional Clocks
Phase 1.1.9.1 Constrain Global/Regional Clocks | Checksum: 26e6fc234

Time (s): cpu = 00:00:05 ; elapsed = 00:00:05 . Memory (MB): peak = 733.750 ; gain = 0.000
Phase 1.1.9 Constrain Clocks/Macros | Checksum: 26e6fc234

Time (s): cpu = 00:00:05 ; elapsed = 00:00:05 . Memory (MB): peak = 733.750 ; gain = 0.000
Phase 1.1 Placer Initialization Core | Checksum: 26e6fc234

Time (s): cpu = 00:00:05 ; elapsed = 00:00:05 . Memory (MB): peak = 733.750 ; gain = 0.000
Phase 1 Placer Initialization | Checksum: 26e6fc234

Time (s): cpu = 00:00:05 ; elapsed = 00:00:05 . Memory (MB): peak = 733.750 ; gain = 0.000

Phase 2 Global Placement
Phase 2 Global Placement | Checksum: 2a44d3bfd

Time (s): cpu = 00:00:12 ; elapsed = 00:00:10 . Memory (MB): peak = 733.750 ; gain = 0.000

Phase 3 Detail Placement

Phase 3.1 Commit Multi Column Macros
Phase 3.1 Commit Multi Column Macros | Checksum: 2a44d3bfd

Time (s): cpu = 00:00:12 ; elapsed = 00:00:10 . Memory (MB): peak = 733.750 ; gain = 0.000

Phase 3.2 Commit Most Macros & LUTRAMs
Phase 3.2 Commit Most Macros & LUTRAMs | Checksum: 1e8b1fa6b

Time (s): cpu = 00:00:13 ; elapsed = 00:00:11 . Memory (MB): peak = 733.750 ; gain = 0.000

Phase 3.3 Area Swap Optimization
Phase 3.3 Area Swap Optimization | Checksum: 1d291f821

Time (s): cpu = 00:00:14 ; elapsed = 00:00:11 . Memory (MB): peak = 733.750 ; gain = 0.000

Phase 3.4 Timing Path Optimizer
Phase 3.4 Timing Path Optimizer | Checksum: 13aea90ec

Time (s): cpu = 00:00:14 ; elapsed = 00:00:12 . Memory (MB): peak = 733.750 ; gain = 0.000

Phase 3.5 Commit Small Macros & Core Logic
Phase 3.5 Commit Small Macros & Core Logic | Checksum: 13f322dd2

Time (s): cpu = 00:00:15 ; elapsed = 00:00:13 . Memory (MB): peak = 733.750 ; gain = 0.000

Phase 3.6 Re-assign LUT pins
Phase 3.6 Re-assign LUT pins | Checksum: 13f322dd2

Time (s): cpu = 00:00:15 ; elapsed = 00:00:13 . Memory (MB): peak = 733.750 ; gain = 0.000
Phase 3 Detail Placement | Checksum: 13f322dd2

Time (s): cpu = 00:00:15 ; elapsed = 00:00:13 . Memory (MB): peak = 733.750 ; gain = 0.000

Phase 4 Post Placement Optimization and Clean-Up

Phase 4.1 PCOPT Shape updates
Phase 4.1 PCOPT Shape updates | Checksum: 1da18c4c5

Time (s): cpu = 00:00:15 ; elapsed = 00:00:13 . Memory (MB): peak = 733.750 ; gain = 0.000

Phase 4.2 Post Placement Optimization

Phase 4.2.1 Post Placement Timing Optimization
Phase 4.2.1 Post Placement Timing Optimization | Checksum: 155572300

Time (s): cpu = 00:00:17 ; elapsed = 00:00:14 . Memory (MB): peak = 733.750 ; gain = 0.000
Phase 4.2 Post Placement Optimization | Checksum: 155572300

Time (s): cpu = 00:00:17 ; elapsed = 00:00:14 . Memory (MB): peak = 733.750 ; gain = 0.000

Phase 4.3 Post Placement Cleanup
Phase 4.3 Post Placement Cleanup | Checksum: 155572300

Time (s): cpu = 00:00:17 ; elapsed = 00:00:14 . Memory (MB): peak = 733.750 ; gain = 0.000

Phase 4.4 Placer Reporting

Phase 4.4.1 Congestion Reporting
Phase 4.4.1 Congestion Reporting | Checksum: 155572300

Time (s): cpu = 00:00:17 ; elapsed = 00:00:14 . Memory (MB): peak = 733.750 ; gain = 0.000

Phase 4.4.2 updateTiming final
Phase 4.4.2 updateTiming final | Checksum: 177d20b2b

Time (s): cpu = 00:00:17 ; elapsed = 00:00:14 . Memory (MB): peak = 733.750 ; gain = 0.000

Phase 4.4.3 Dump Critical Paths 
Phase 4.4.3 Dump Critical Paths  | Checksum: 177d20b2b

Time (s): cpu = 00:00:17 ; elapsed = 00:00:14 . Memory (MB): peak = 733.750 ; gain = 0.000

Phase 4.4.4 Restore STA
Phase 4.4.4 Restore STA | Checksum: 177d20b2b

Time (s): cpu = 00:00:17 ; elapsed = 00:00:14 . Memory (MB): peak = 733.750 ; gain = 0.000

Phase 4.4.5 Print Final WNS
INFO: [Place 30-100] Post Placement Timing Summary | WNS=3.737  | TNS=0.000  |

Phase 4.4.5 Print Final WNS | Checksum: 177d20b2b

Time (s): cpu = 00:00:19 ; elapsed = 00:00:15 . Memory (MB): peak = 733.750 ; gain = 0.000
Phase 4.4 Placer Reporting | Checksum: 177d20b2b

Time (s): cpu = 00:00:19 ; elapsed = 00:00:15 . Memory (MB): peak = 733.750 ; gain = 0.000

Phase 4.5 Final Placement Cleanup
Phase 4.5 Final Placement Cleanup | Checksum: 1bf7899d9

Time (s): cpu = 00:00:19 ; elapsed = 00:00:15 . Memory (MB): peak = 733.750 ; gain = 0.000
Phase 4 Post Placement Optimization and Clean-Up | Checksum: 1bf7899d9

Time (s): cpu = 00:00:19 ; elapsed = 00:00:15 . Memory (MB): peak = 733.750 ; gain = 0.000
Ending Placer Task | Checksum: 17f3c88a8

Time (s): cpu = 00:00:00 ; elapsed = 00:00:15 . Memory (MB): peak = 733.750 ; gain = 0.000
INFO: [Common 17-83] Releasing license: Implementation
37 Infos, 1 Warnings, 0 Critical Warnings and 0 Errors encountered.
place_design completed successfully
place_design: Time (s): cpu = 00:00:20 ; elapsed = 00:00:16 . Memory (MB): peak = 733.750 ; gain = 0.000
INFO: [Timing 38-163] DEBUG : Generate clock report | CPU: 0 secs 

report_utilization: Time (s): cpu = 00:00:00 ; elapsed = 00:00:00.075 . Memory (MB): peak = 733.750 ; gain = 0.000
INFO: [Designutils 20-134] DEBUG : Generate Control Sets report | CPU: 0 secs 
Writing XDEF routing.
Writing XDEF routing logical nets.
Writing XDEF routing special nets.
Write XDEF Complete: Time (s): cpu = 00:00:01 ; elapsed = 00:00:01 . Memory (MB): peak = 733.750 ; gain = 0.000
Command: route_design
Attempting to get a license for feature 'Implementation' and/or device 'xc7z010'
INFO: [Common 17-349] Got license for feature 'Implementation' and/or device 'xc7z010'
Running DRC as a precondition to command route_design
INFO: [Drc 23-27] Running DRC with 2 threads
INFO: [Vivado_Tcl 4-198] DRC finished with 0 Errors, 1 Warnings
INFO: [Vivado_Tcl 4-199] Please refer to the DRC report (report_drc) for more information.


Starting Routing Task
INFO: [Route 35-254] Multithreading enabled for route_design using a maximum of 2 CPUs

Starting Route Task

Phase 1 Build RT Design

Phase 1.1 Build Netlist & NodeGraph
Phase 1.1 Build Netlist & NodeGraph | Checksum: 17f3c88a8

Time (s): cpu = 00:00:32 ; elapsed = 00:00:14 . Memory (MB): peak = 835.969 ; gain = 102.168
Phase 1 Build RT Design | Checksum: 15213a611

Time (s): cpu = 00:00:32 ; elapsed = 00:00:14 . Memory (MB): peak = 835.969 ; gain = 102.168

Phase 2 Router Initialization

Phase 2.1 Create Timer
Phase 2.1 Create Timer | Checksum: 15213a611

Time (s): cpu = 00:00:32 ; elapsed = 00:00:15 . Memory (MB): peak = 835.969 ; gain = 102.168

Phase 2.2 Restore Routing
Phase 2.2 Restore Routing | Checksum: 15213a611

Time (s): cpu = 00:00:32 ; elapsed = 00:00:15 . Memory (MB): peak = 836.277 ; gain = 102.477

Phase 2.3 Special Net Routing
 Number of Nodes with overlaps = 0
Phase 2.3 Special Net Routing | Checksum: ffd2246f

Time (s): cpu = 00:00:32 ; elapsed = 00:00:15 . Memory (MB): peak = 844.492 ; gain = 110.691

Phase 2.4 Local Clock Net Routing
Phase 2.4 Local Clock Net Routing | Checksum: ffd2246f

Time (s): cpu = 00:00:32 ; elapsed = 00:00:15 . Memory (MB): peak = 844.492 ; gain = 110.691

Phase 2.5 Update Timing

Phase 2.5.1 Update timing with NCN CRPR

Phase 2.5.1.1 Hold Budgeting
Phase 2.5.1.1 Hold Budgeting | Checksum: ffd2246f

Time (s): cpu = 00:00:34 ; elapsed = 00:00:16 . Memory (MB): peak = 844.492 ; gain = 110.691
Phase 2.5.1 Update timing with NCN CRPR | Checksum: ffd2246f

Time (s): cpu = 00:00:34 ; elapsed = 00:00:16 . Memory (MB): peak = 844.492 ; gain = 110.691
Phase 2.5 Update Timing | Checksum: ffd2246f

Time (s): cpu = 00:00:34 ; elapsed = 00:00:16 . Memory (MB): peak = 844.492 ; gain = 110.691
INFO: [Route 35-57] Estimated Timing Summary | WNS=3.85   | TNS=0      | WHS=-0.357 | THS=-55.2  |


Phase 2.6 Budgeting
Phase 2.6 Budgeting | Checksum: ffd2246f

Time (s): cpu = 00:00:35 ; elapsed = 00:00:16 . Memory (MB): peak = 844.492 ; gain = 110.691
Phase 2 Router Initialization | Checksum: ffd2246f

Time (s): cpu = 00:00:35 ; elapsed = 00:00:16 . Memory (MB): peak = 844.492 ; gain = 110.691

Phase 3 Initial Routing
Phase 3 Initial Routing | Checksum: 16b0d0cef

Time (s): cpu = 00:00:35 ; elapsed = 00:00:17 . Memory (MB): peak = 844.492 ; gain = 110.691

Phase 4 Rip-up And Reroute

Phase 4.1 Global Iteration 0

Phase 4.1.1 Remove Overlaps
 Number of Nodes with overlaps = 299
 Number of Nodes with overlaps = 0
Phase 4.1.1 Remove Overlaps | Checksum: a62543ea

Time (s): cpu = 00:00:37 ; elapsed = 00:00:17 . Memory (MB): peak = 844.492 ; gain = 110.691

Phase 4.1.2 Update Timing
Phase 4.1.2 Update Timing | Checksum: a62543ea

Time (s): cpu = 00:00:37 ; elapsed = 00:00:18 . Memory (MB): peak = 844.492 ; gain = 110.691
INFO: [Route 35-57] Estimated Timing Summary | WNS=2.58   | TNS=0      | WHS=N/A    | THS=N/A    |


Phase 4.1.3 collectNewHoldAndFix
Phase 4.1.3 collectNewHoldAndFix | Checksum: 104907c00

Time (s): cpu = 00:00:37 ; elapsed = 00:00:18 . Memory (MB): peak = 844.492 ; gain = 110.691
Phase 4.1 Global Iteration 0 | Checksum: 104907c00

Time (s): cpu = 00:00:37 ; elapsed = 00:00:18 . Memory (MB): peak = 844.492 ; gain = 110.691

Phase 4.2 Global Iteration 1

Phase 4.2.1 Remove Overlaps
 Number of Nodes with overlaps = 4
 Number of Nodes with overlaps = 0
Phase 4.2.1 Remove Overlaps | Checksum: 86baf58c

Time (s): cpu = 00:00:37 ; elapsed = 00:00:18 . Memory (MB): peak = 844.492 ; gain = 110.691

Phase 4.2.2 Update Timing
Phase 4.2.2 Update Timing | Checksum: 86baf58c

Time (s): cpu = 00:00:37 ; elapsed = 00:00:18 . Memory (MB): peak = 844.492 ; gain = 110.691
INFO: [Route 35-57] Estimated Timing Summary | WNS=2.58   | TNS=0      | WHS=N/A    | THS=N/A    |


Phase 4.2.3 collectNewHoldAndFix
Phase 4.2.3 collectNewHoldAndFix | Checksum: 86baf58c

Time (s): cpu = 00:00:37 ; elapsed = 00:00:18 . Memory (MB): peak = 844.492 ; gain = 110.691
Phase 4.2 Global Iteration 1 | Checksum: 86baf58c

Time (s): cpu = 00:00:37 ; elapsed = 00:00:18 . Memory (MB): peak = 844.492 ; gain = 110.691
Phase 4 Rip-up And Reroute | Checksum: 86baf58c

Time (s): cpu = 00:00:37 ; elapsed = 00:00:18 . Memory (MB): peak = 844.492 ; gain = 110.691

Phase 5 Delay CleanUp

Phase 5.1 Update Timing
Phase 5.1 Update Timing | Checksum: 86baf58c

Time (s): cpu = 00:00:37 ; elapsed = 00:00:18 . Memory (MB): peak = 844.492 ; gain = 110.691
INFO: [Route 35-57] Estimated Timing Summary | WNS=2.6    | TNS=0      | WHS=N/A    | THS=N/A    |

Phase 5 Delay CleanUp | Checksum: 86baf58c

Time (s): cpu = 00:00:37 ; elapsed = 00:00:18 . Memory (MB): peak = 844.492 ; gain = 110.691

Phase 6 Post Hold Fix

Phase 6.1 Full Hold Analysis

Phase 6.1.1 Update Timing
Phase 6.1.1 Update Timing | Checksum: 86baf58c

Time (s): cpu = 00:00:38 ; elapsed = 00:00:18 . Memory (MB): peak = 844.492 ; gain = 110.691
INFO: [Route 35-57] Estimated Timing Summary | WNS=2.6    | TNS=0      | WHS=0.058  | THS=0      |

Phase 6.1 Full Hold Analysis | Checksum: 86baf58c

Time (s): cpu = 00:00:38 ; elapsed = 00:00:18 . Memory (MB): peak = 844.492 ; gain = 110.691
Phase 6 Post Hold Fix | Checksum: 86baf58c

Time (s): cpu = 00:00:38 ; elapsed = 00:00:18 . Memory (MB): peak = 844.492 ; gain = 110.691

Router Utilization Summary
  Global Vertical Routing Utilization    = 1.2431 %
  Global Horizontal Routing Utilization  = 1.76011 %
  Routable Net Status*
  *Does not include unroutable nets such as driverless and loadless.
  Run report_route_status for detailed report.
  Number of Failed Nets               = 0
  Number of Unrouted Nets             = 0
  Number of Partially Routed Nets     = 0
  Number of Node Overlaps             = 0


Phase 7 Verifying routed nets

 Verification completed successfully
Phase 7 Verifying routed nets | Checksum: 86baf58c

Time (s): cpu = 00:00:38 ; elapsed = 00:00:18 . Memory (MB): peak = 844.492 ; gain = 110.691

Phase 8 Depositing Routes
Phase 8 Depositing Routes | Checksum: 5e411414

Time (s): cpu = 00:00:38 ; elapsed = 00:00:19 . Memory (MB): peak = 844.492 ; gain = 110.691

Phase 9 Post Router Timing
INFO: [Route 35-20] Post Routing Timing Summary | WNS=2.598  | TNS=0.000  | WHS=0.059  | THS=0.000  |

INFO: [Route 35-61] The design met the timing requirement.
Phase 9 Post Router Timing | Checksum: 5e411414

Time (s): cpu = 00:00:40 ; elapsed = 00:00:20 . Memory (MB): peak = 844.492 ; gain = 110.691
INFO: [Route 35-16] Router Completed Successfully
Ending Route Task | Checksum: 5e411414

Time (s): cpu = 00:00:00 ; elapsed = 00:00:20 . Memory (MB): peak = 844.492 ; gain = 110.691

Routing Is Done.

Time (s): cpu = 00:00:00 ; elapsed = 00:00:20 . Memory (MB): peak = 844.492 ; gain = 110.691
INFO: [Common 17-83] Releasing license: Implementation
53 Infos, 1 Warnings, 0 Critical Warnings and 0 Errors encountered.
route_design completed successfully
route_design: Time (s): cpu = 00:00:42 ; elapsed = 00:00:22 . Memory (MB): peak = 844.492 ; gain = 110.742
INFO: [Drc 23-27] Running DRC with 2 threads
INFO: [Coretcl 2-168] The results of DRC are in file C:/Users/Administrator/lab4/lab4.runs/impl_1/system_wrapper_drc_routed.rpt.
Running Vector-less Activity Propagation...

Finished Running Vector-less Activity Propagation
report_power: Time (s): cpu = 00:00:10 ; elapsed = 00:00:08 . Memory (MB): peak = 844.492 ; gain = 0.000
INFO: [Timing 38-91] UpdateTimingParams: Speed grade: -1, Delay Type: min_max, Constraints type: SDC.
INFO: [Timing 38-191] Multithreading enabled for timing update using a maximum of 2 CPUs
Writing XDEF routing.
Writing XDEF routing logical nets.
Writing XDEF routing special nets.
Write XDEF Complete: Time (s): cpu = 00:00:00 ; elapsed = 00:00:00.600 . Memory (MB): peak = 844.492 ; gain = 0.000

Attempting to get a license for feature 'Implementation' and/or device 'xc7z010'
INFO: [Common 17-349] Got license for feature 'Implementation' and/or device 'xc7z010'
Running DRC as a precondition to command write_bitstream
INFO: [Drc 23-27] Running DRC with 2 threads
INFO: [Vivado 12-3199] DRC finished with 0 Errors, 131 Warnings, 1 Advisories
INFO: [Vivado 12-3200] Please refer to the DRC report (report_drc) for more information.
Loading data files...
Loading site data...
Loading route data...
Processing options...
Creating bitmap...
Creating bitstream...
Writing bitstream ./system_wrapper.bit...
INFO: [Vivado 12-1842] Bitgen Completed Successfully.
INFO: [Project 1-120] WebTalk data collection is mandatory for users of free Webpack licenses. To see the specific WebTalk data collected for your design, open the usage_statistics_webtalk.html or usage_statistics_webtalk.xml file in the implementation directory.
INFO: [Common 17-185] WebTalk report has not been sent to Xilinx. Please check your network and proxy settings.
INFO: [Common 17-83] Releasing license: Implementation
write_bitstream: Time (s): cpu = 00:00:20 ; elapsed = 00:00:23 . Memory (MB): peak = 964.152 ; gain = 119.660
INFO: [Common 17-206] Exiting Vivado at Sat May 30 18:37:05 2015...
