Copyright 1986-1999, 2001-2013 Xilinx, Inc. All Rights Reserved.
----------------------------------------------------------------------------------------------------------------------------------
| Tool Version : Vivado v.2013.4 (win64) Build 353583 Mon Dec  9 17:49:19 MST 2013
| Date         : Mon Jun 29 10:37:16 2015
| Host         : suoni-VAIO running 64-bit Service Pack 1  (build 7601)
| Command      : report_timing_summary -file system_wrapper_timing_summary_routed.rpt -pb system_wrapper_timing_summary_routed.pb
| Design       : system_wrapper
| Device       : 7z010-clg400
| Speed File   : -1  PRODUCTION 1.09 2013-11-22
----------------------------------------------------------------------------------------------------------------------------------

Timing Summary Report

------------------------------------------------------------------------------------------------
| Timer Settings
| --------------
------------------------------------------------------------------------------------------------

  Enable Multi Corner Analysis               :  Yes
  Enable Pessimism Removal                   :  Yes
  Pessimism Removal Resolution               :  Nearest Common Node
  Enable Input Delay Default Clock           :  No
  Enable Preset / Clear Arcs                 :  No
  Disable Flight Delays                      :  No

  Corner  Analyze    Analyze    
  Name    Max Paths  Min Paths  
  ------  ---------  ---------  
  Slow    Yes        Yes        
  Fast    Yes        Yes        


------------------------------------------------------------------------------------------------
| Check Timing
| ------------
------------------------------------------------------------------------------------------------


Checking 'no_clock'.
 There are 0 register/latch pins with no clock.
 There are 0 register/latch pins with constant_clock.

Checking 'unconstrained_internal_endpoints'.
 There are 8 pins that are not constrained for maximum delay.
 There are 0 pins that are not constrained for maximum delay due to constant clock.

Checking 'no_input_delay'.
 There are 8 input ports with no input delay specified.

Checking 'no_output_delay'.
 There are 4 ports with no output delay specified.

Checking 'multiple_clock'.
 There are 0 register/latch pins with related clocks.
 There are 0 register/latch pins with exclusive clocks.

Checking 'generated_clocks'.
 There are 0 generated clocks that are not connected to a clock source.

Checking 'loops'.
 There are 0 combinational loops in the design.

Checking 'partial_input_delay'.
 There are 0 input ports with partial input delay specified.

Checking 'partial_output_delay'.
 There are 0 ports with partial output delay specified.

Checking 'unexpandable_clocks'.
 There are 0 related clock pairs.
 There are 0 User Ignored clock pairs.

Checking 'latch_loops'.
 There are 0 combinational latch loops in the design through latch input

------------------------------------------------------------------------------------------------
| Design Timing Summary
| ---------------------
------------------------------------------------------------------------------------------------

    WNS(ns)      TNS(ns)  TNS Failing Endpoints  TNS Total Endpoints      WHS(ns)      THS(ns)  THS Failing Endpoints  THS Total Endpoints     WPWS(ns)     TPWS(ns)  TPWS Failing Endpoints  TPWS Total Endpoints  
    -------      -------  ---------------------  -------------------      -------      -------  ---------------------  -------------------     --------     --------  ----------------------  --------------------  
      3.790        0.000                      0                 1656        0.024        0.000                      0                 1656        4.020        0.000                       0                   881  


All user specified timing constraints are met.


------------------------------------------------------------------------------------------------
| Clock Summary
| -------------
------------------------------------------------------------------------------------------------

Clock       Waveform(ns)       Period(ns)      Frequency(MHz)
-----       ------------       ----------      --------------
clk_fpga_0  {0.000 5.000}      10.000          100.000         


------------------------------------------------------------------------------------------------
| Intra Clock Table
| -----------------
------------------------------------------------------------------------------------------------

Clock             WNS(ns)      TNS(ns)  TNS Failing Endpoints  TNS Total Endpoints      WHS(ns)      THS(ns)  THS Failing Endpoints  THS Total Endpoints     WPWS(ns)     TPWS(ns)  TPWS Failing Endpoints  TPWS Total Endpoints  
-----             -------      -------  ---------------------  -------------------      -------      -------  ---------------------  -------------------     --------     --------  ----------------------  --------------------  
clk_fpga_0          3.790        0.000                      0                 1656        0.024        0.000                      0                 1656        4.020        0.000                       0                   881  


------------------------------------------------------------------------------------------------
| Inter Clock Table
| -----------------
------------------------------------------------------------------------------------------------

From Clock    To Clock          WNS(ns)      TNS(ns)  TNS Failing Endpoints  TNS Total Endpoints      WHS(ns)      THS(ns)  THS Failing Endpoints  THS Total Endpoints  
----------    --------          -------      -------  ---------------------  -------------------      -------      -------  ---------------------  -------------------  


------------------------------------------------------------------------------------------------
| Other Path Groups Table
| -----------------------
------------------------------------------------------------------------------------------------

Path Group    From Clock    To Clock          WNS(ns)      TNS(ns)  TNS Failing Endpoints  TNS Total Endpoints      WHS(ns)      THS(ns)  THS Failing Endpoints  THS Total Endpoints  
----------    ----------    --------          -------      -------  ---------------------  -------------------      -------      -------  ---------------------  -------------------  


------------------------------------------------------------------------------------------------
| Timing Details
| --------------
------------------------------------------------------------------------------------------------


---------------------------------------------------------------------------------------------------
From Clock:  clk_fpga_0
  To Clock:  clk_fpga_0

Setup :            0  Failing Endpoints,  Worst Slack        3.790ns,  Total Violation        0.000ns
Hold  :            0  Failing Endpoints,  Worst Slack        0.024ns,  Total Violation        0.000ns
PW    :            0  Failing Endpoints,  Worst Slack        4.020ns,  Total Violation        0.000ns
---------------------------------------------------------------------------------------------------


Max Delay Paths
--------------------------------------------------------------------------------------
Slack (MET) :             3.790ns  (required time - arrival time)
  Source:                 system_i/processing_system7_0_axi_periph/s00_couplers/auto_pc/inst/gen_axilite.gen_b2s_conv.axilite_b2s/SI_REG/aw_pipe/m_payload_i_reg[39]/C
                            (rising edge-triggered cell FDRE clocked by clk_fpga_0  {rise@0.000ns fall@5.000ns period=10.000ns})
  Destination:            system_i/processing_system7_0_axi_periph/s00_couplers/auto_pc/inst/gen_axilite.gen_b2s_conv.axilite_b2s/WR.aw_channel_0/cmd_translator_0/incr_cmd_0/axaddr_incr_reg[9]/D
                            (rising edge-triggered cell FDRE clocked by clk_fpga_0  {rise@0.000ns fall@5.000ns period=10.000ns})
  Path Group:             clk_fpga_0
  Path Type:              Setup (Max at Slow Process Corner)
  Requirement:            10.000ns  (clk_fpga_0 rise@10.000ns - clk_fpga_0 rise@0.000ns)
  Data Path Delay:        5.886ns  (logic 2.879ns (48.913%)  route 3.007ns (51.087%))
  Logic Levels:           8  (CARRY4=4 LUT3=2 LUT6=2)
  Clock Path Skew:        -0.232ns (DCD - SCD + CPR)
    Destination Clock Delay (DCD):    3.289ns = ( 13.289 - 10.000 ) 
    Source Clock Delay      (SCD):    3.790ns
    Clock Pessimism Removal (CPR):    0.268ns
  Clock Uncertainty:      0.154ns  ((TSJ^2 + TIJ^2)^1/2 + DJ) / 2 + PE
    Total System Jitter     (TSJ):    0.071ns
    Total Input Jitter      (TIJ):    0.300ns
    Discrete Jitter          (DJ):    0.000ns
    Phase Error              (PE):    0.000ns

    Location             Delay type                Incr(ns)  Path(ns)    Netlist Resource(s)
  -------------------------------------------------------------------    -------------------
                         (clock clk_fpga_0 rise edge)
                                                      0.000     0.000 r  
    PS7_X0Y0             PS7                          0.000     0.000 r  system_i/processing_system7_0/U0/PS7_i/FCLKCLK[0]
                         net (fo=1, routed)           1.960     1.960    system_i/processing_system7_0/U0/FCLK_CLK_unbuffered[0]
    BUFGCTRL_X0Y0        BUFG (Prop_bufg_I_O)         0.101     2.061 r  system_i/processing_system7_0/U0/buffer_fclk_clk_0.FCLK_CLK_0_BUFG/O
                         net (fo=881, routed)         1.729     3.790    system_i/processing_system7_0_axi_periph/s00_couplers/auto_pc/aclk
    SLICE_X2Y49                                                       r  system_i/processing_system7_0_axi_periph/s00_couplers/auto_pc/inst/gen_axilite.gen_b2s_conv.axilite_b2s/SI_REG/aw_pipe/m_payload_i_reg[39]/C
  -------------------------------------------------------------------    -------------------
    SLICE_X2Y49          FDRE (Prop_fdre_C_Q)         0.419     4.209 r  system_i/processing_system7_0_axi_periph/s00_couplers/auto_pc/inst/gen_axilite.gen_b2s_conv.axilite_b2s/SI_REG/aw_pipe/m_payload_i_reg[39]/Q
                         net (fo=7, routed)           1.351     5.559    system_i/processing_system7_0_axi_periph/s00_couplers/auto_pc/inst/gen_axilite.gen_b2s_conv.axilite_b2s/si_rs_awburst[1]
    SLICE_X10Y51         LUT3 (Prop_lut3_I1_O)        0.299     5.858 f  system_i/processing_system7_0_axi_periph/s00_couplers/auto_pc/memory_reg[3][0]_srl4_i_2/O
                         net (fo=4, routed)           0.456     6.314    system_i/processing_system7_0_axi_periph/s00_couplers/auto_pc/n_0_memory_reg[3][0]_srl4_i_2
    SLICE_X10Y50         LUT6 (Prop_lut6_I5_O)        0.124     6.438 r  system_i/processing_system7_0_axi_periph/s00_couplers/auto_pc/memory_reg[3][0]_srl4_i_1/O
                         net (fo=45, routed)          0.575     7.013    system_i/processing_system7_0_axi_periph/s00_couplers/auto_pc/inst/gen_axilite.gen_b2s_conv.axilite_b2s/b_push
    SLICE_X8Y51          LUT6 (Prop_lut6_I0_O)        0.124     7.137 r  system_i/processing_system7_0_axi_periph/s00_couplers/auto_pc/axaddr_incr[0]_i_17/O
                         net (fo=1, routed)           0.000     7.137    system_i/processing_system7_0_axi_periph/s00_couplers/auto_pc/n_0_axaddr_incr[0]_i_17
    SLICE_X8Y51          CARRY4 (Prop_carry4_S[1]_CO[3])
                                                      0.533     7.670 r  system_i/processing_system7_0_axi_periph/s00_couplers/auto_pc/inst/gen_axilite.gen_b2s_conv.axilite_b2s/WR.aw_channel_0/cmd_translator_0/incr_cmd_0/axaddr_incr_reg[0]_i_11/CO[3]
                         net (fo=1, routed)           0.000     7.670    system_i/processing_system7_0_axi_periph/s00_couplers/auto_pc/n_0_inst/gen_axilite.gen_b2s_conv.axilite_b2s/WR.aw_channel_0/cmd_translator_0/incr_cmd_0/axaddr_incr_reg[0]_i_11
    SLICE_X8Y52          CARRY4 (Prop_carry4_CI_O[0])
                                                      0.219     7.889 r  system_i/processing_system7_0_axi_periph/s00_couplers/auto_pc/inst/gen_axilite.gen_b2s_conv.axilite_b2s/WR.aw_channel_0/cmd_translator_0/incr_cmd_0/axaddr_incr_reg[4]_i_6/O[0]
                         net (fo=1, routed)           0.625     8.515    system_i/processing_system7_0_axi_periph/s00_couplers/auto_pc/data[4]
    SLICE_X9Y52          LUT3 (Prop_lut3_I0_O)        0.295     8.810 r  system_i/processing_system7_0_axi_periph/s00_couplers/auto_pc/axaddr_incr[4]_i_5/O
                         net (fo=1, routed)           0.000     8.810    system_i/processing_system7_0_axi_periph/s00_couplers/auto_pc/n_0_axaddr_incr[4]_i_5
    SLICE_X9Y52          CARRY4 (Prop_carry4_S[0]_CO[3])
                                                      0.532     9.342 r  system_i/processing_system7_0_axi_periph/s00_couplers/auto_pc/axaddr_incr_reg[4]_i_1/CO[3]
                         net (fo=1, routed)           0.000     9.342    system_i/processing_system7_0_axi_periph/s00_couplers/auto_pc/n_0_axaddr_incr_reg[4]_i_1
    SLICE_X9Y53          CARRY4 (Prop_carry4_CI_O[1])
                                                      0.334     9.676 r  system_i/processing_system7_0_axi_periph/s00_couplers/auto_pc/axaddr_incr_reg[8]_i_1/O[1]
                         net (fo=1, routed)           0.000     9.676    system_i/processing_system7_0_axi_periph/s00_couplers/auto_pc/n_6_axaddr_incr_reg[8]_i_1
    SLICE_X9Y53          FDRE                                         r  system_i/processing_system7_0_axi_periph/s00_couplers/auto_pc/inst/gen_axilite.gen_b2s_conv.axilite_b2s/WR.aw_channel_0/cmd_translator_0/incr_cmd_0/axaddr_incr_reg[9]/D
  -------------------------------------------------------------------    -------------------

                         (clock clk_fpga_0 rise edge)
                                                     10.000    10.000 r  
    PS7_X0Y0             PS7                          0.000    10.000 r  system_i/processing_system7_0/U0/PS7_i/FCLKCLK[0]
                         net (fo=1, routed)           1.702    11.702    system_i/processing_system7_0/U0/FCLK_CLK_unbuffered[0]
    BUFGCTRL_X0Y0        BUFG (Prop_bufg_I_O)         0.091    11.793 r  system_i/processing_system7_0/U0/buffer_fclk_clk_0.FCLK_CLK_0_BUFG/O
                         net (fo=881, routed)         1.497    13.289    system_i/processing_system7_0_axi_periph/s00_couplers/auto_pc/aclk
    SLICE_X9Y53                                                       r  system_i/processing_system7_0_axi_periph/s00_couplers/auto_pc/inst/gen_axilite.gen_b2s_conv.axilite_b2s/WR.aw_channel_0/cmd_translator_0/incr_cmd_0/axaddr_incr_reg[9]/C
                         clock pessimism              0.268    13.557    
                         clock uncertainty           -0.154    13.403    
    SLICE_X9Y53          FDRE (Setup_fdre_C_D)        0.062    13.465    system_i/processing_system7_0_axi_periph/s00_couplers/auto_pc/inst/gen_axilite.gen_b2s_conv.axilite_b2s/WR.aw_channel_0/cmd_translator_0/incr_cmd_0/axaddr_incr_reg[9]
  -------------------------------------------------------------------
                         required time                         13.465    
                         arrival time                          -9.676    
  -------------------------------------------------------------------
                         slack                                  3.790    





Min Delay Paths
--------------------------------------------------------------------------------------
Slack (MET) :             0.024ns  (arrival time - required time)
  Source:                 system_i/processing_system7_0_axi_periph/s00_couplers/auto_pc/inst/gen_axilite.gen_b2s_conv.axilite_b2s/SI_REG/aw_pipe/skid_buffer_reg[18]/C
                            (rising edge-triggered cell FDRE clocked by clk_fpga_0  {rise@0.000ns fall@5.000ns period=10.000ns})
  Destination:            system_i/processing_system7_0_axi_periph/s00_couplers/auto_pc/inst/gen_axilite.gen_b2s_conv.axilite_b2s/SI_REG/aw_pipe/m_payload_i_reg[18]/D
                            (rising edge-triggered cell FDRE clocked by clk_fpga_0  {rise@0.000ns fall@5.000ns period=10.000ns})
  Path Group:             clk_fpga_0
  Path Type:              Hold (Min at Fast Process Corner)
  Requirement:            0.000ns  (clk_fpga_0 rise@0.000ns - clk_fpga_0 rise@0.000ns)
  Data Path Delay:        0.386ns  (logic 0.186ns (48.245%)  route 0.200ns (51.755%))
  Logic Levels:           1  (LUT3=1)
  Clock Path Skew:        0.270ns (DCD - SCD - CPR)
    Destination Clock Delay (DCD):    1.847ns
    Source Clock Delay      (SCD):    1.467ns
    Clock Pessimism Removal (CPR):    0.109ns

    Location             Delay type                Incr(ns)  Path(ns)    Netlist Resource(s)
  -------------------------------------------------------------------    -------------------
                         (clock clk_fpga_0 rise edge)
                                                      0.000     0.000 r  
    PS7_X0Y0             PS7                          0.000     0.000 r  system_i/processing_system7_0/U0/PS7_i/FCLKCLK[0]
                         net (fo=1, routed)           0.860     0.860    system_i/processing_system7_0/U0/FCLK_CLK_unbuffered[0]
    BUFGCTRL_X0Y0        BUFG (Prop_bufg_I_O)         0.026     0.886 r  system_i/processing_system7_0/U0/buffer_fclk_clk_0.FCLK_CLK_0_BUFG/O
                         net (fo=881, routed)         0.582     1.467    system_i/processing_system7_0_axi_periph/s00_couplers/auto_pc/aclk
    SLICE_X1Y50                                                       r  system_i/processing_system7_0_axi_periph/s00_couplers/auto_pc/inst/gen_axilite.gen_b2s_conv.axilite_b2s/SI_REG/aw_pipe/skid_buffer_reg[18]/C
  -------------------------------------------------------------------    -------------------
    SLICE_X1Y50          FDRE (Prop_fdre_C_Q)         0.141     1.608 r  system_i/processing_system7_0_axi_periph/s00_couplers/auto_pc/inst/gen_axilite.gen_b2s_conv.axilite_b2s/SI_REG/aw_pipe/skid_buffer_reg[18]/Q
                         net (fo=1, routed)           0.200     1.808    system_i/processing_system7_0_axi_periph/s00_couplers/auto_pc/skid_buffer[18]
    SLICE_X1Y49          LUT3 (Prop_lut3_I2_O)        0.045     1.853 r  system_i/processing_system7_0_axi_periph/s00_couplers/auto_pc/m_payload_i[18]_i_1/O
                         net (fo=1, routed)           0.000     1.853    system_i/processing_system7_0_axi_periph/s00_couplers/auto_pc/n_0_m_payload_i[18]_i_1
    SLICE_X1Y49          FDRE                                         r  system_i/processing_system7_0_axi_periph/s00_couplers/auto_pc/inst/gen_axilite.gen_b2s_conv.axilite_b2s/SI_REG/aw_pipe/m_payload_i_reg[18]/D
  -------------------------------------------------------------------    -------------------

                         (clock clk_fpga_0 rise edge)
                                                      0.000     0.000 r  
    PS7_X0Y0             PS7                          0.000     0.000 r  system_i/processing_system7_0/U0/PS7_i/FCLKCLK[0]
                         net (fo=1, routed)           0.966     0.966    system_i/processing_system7_0/U0/FCLK_CLK_unbuffered[0]
    BUFGCTRL_X0Y0        BUFG (Prop_bufg_I_O)         0.029     0.995 r  system_i/processing_system7_0/U0/buffer_fclk_clk_0.FCLK_CLK_0_BUFG/O
                         net (fo=881, routed)         0.852     1.847    system_i/processing_system7_0_axi_periph/s00_couplers/auto_pc/aclk
    SLICE_X1Y49                                                       r  system_i/processing_system7_0_axi_periph/s00_couplers/auto_pc/inst/gen_axilite.gen_b2s_conv.axilite_b2s/SI_REG/aw_pipe/m_payload_i_reg[18]/C
                         clock pessimism             -0.109     1.738    
    SLICE_X1Y49          FDRE (Hold_fdre_C_D)         0.091     1.829    system_i/processing_system7_0_axi_periph/s00_couplers/auto_pc/inst/gen_axilite.gen_b2s_conv.axilite_b2s/SI_REG/aw_pipe/m_payload_i_reg[18]
  -------------------------------------------------------------------
                         required time                         -1.829    
                         arrival time                           1.853    
  -------------------------------------------------------------------
                         slack                                  0.024    





Pulse Width Checks
--------------------------------------------------------------------------------------
Clock Name:         clk_fpga_0
Waveform:           { 0 5 }
Period:             10.000
Sources:            { system_i/processing_system7_0/U0/PS7_i/FCLKCLK[0] }

Check Type        Corner  Lib Pin      Reference Pin  Required  Actual  Slack  Location       Pin
Min Period        n/a     BUFG/I       n/a            2.155     10.000  7.845  BUFGCTRL_X0Y0  system_i/processing_system7_0/U0/buffer_fclk_clk_0.FCLK_CLK_0_BUFG/I
Low Pulse Width   Slow    SRLC32E/CLK  n/a            0.980     5.000   4.020  SLICE_X6Y42    system_i/processing_system7_0_axi_periph/s00_couplers/auto_pc/inst/gen_axilite.gen_b2s_conv.axilite_b2s/RD.r_channel_0/rd_data_fifo_0/memory_reg[31][0]_srl32/CLK
High Pulse Width  Fast    SRLC32E/CLK  n/a            0.980     5.000   4.020  SLICE_X6Y42    system_i/processing_system7_0_axi_periph/s00_couplers/auto_pc/inst/gen_axilite.gen_b2s_conv.axilite_b2s/RD.r_channel_0/rd_data_fifo_0/memory_reg[31][0]_srl32/CLK



